<?xml version="1.0" encoding="UTF-8"?>
<!-- Generated by org.testng.reporters.JUnitReportReporter -->
<testsuite skipped="0" hostname="DESKTOP-5OHR9DS" name="com.ultimateqa.courses.testsuite.LoginPageTest" tests="2" failures="0" timestamp="2022-12-13T21:37:40 GMT" time="17.890" errors="0">
  <testcase name="userShouldNavigateToLoginPageSuccessfully" time="6.169" classname="com.ultimateqa.courses.testsuite.LoginPageTest"/>
  <system-out>
    <![CDATA[Clicking on Signing Link [[ChromeDriver: chrome on WINDOWS (63618e3dce4f6b23fada861351fc8cef)] -> xpath: //a[@href='/users/sign_in']]
Verify Welcome Back Text [[ChromeDriver: chrome on WINDOWS (63618e3dce4f6b23fada861351fc8cef)] -> xpath: //h2[@class='page__heading']]]]>
  </system-out>
  <testcase name="verifyTheErrorMessage" time="11.721" classname="com.ultimateqa.courses.testsuite.LoginPageTest"/>
  <system-out>
    <![CDATA[Clicking on Signing Link [[ChromeDriver: chrome on WINDOWS (39885d6937ddccf30bba7034437dd110)] -> xpath: //a[@href='/users/sign_in']]
Entering abc345@gmail.com User Name [[ChromeDriver: chrome on WINDOWS (39885d6937ddccf30bba7034437dd110)] -> id: user[email]]
Entering [[ChromeDriver: chrome on WINDOWS (39885d6937ddccf30bba7034437dd110)] -> id: user[password]] Password  [[ChromeDriver: chrome on WINDOWS (39885d6937ddccf30bba7034437dd110)] -> id: user[password]]
Clicking on Signin Button [[ChromeDriver: chrome on WINDOWS (39885d6937ddccf30bba7034437dd110)] -> xpath: //button[@type='submit']]
Verify Invalid Crendetial Message [[ChromeDriver: chrome on WINDOWS (39885d6937ddccf30bba7034437dd110)] -> xpath: //li[contains(text(),'Invalid email or password.')]]]]>
  </system-out>
</testsuite> <!-- com.ultimateqa.courses.testsuite.LoginPageTest -->
